<?xml version="1.0" encoding="UTF-8"?>
<testng-results ignored="0" total="1" passed="1" failed="0" skipped="0">
  <reporter-output>
  </reporter-output>
  <suite started-at="2023-10-16T12:32:11 IST" name="Default suite" finished-at="2023-10-16T12:45:59 IST" duration-ms="828268">
    <groups>
    </groups>
    <test started-at="2023-10-16T12:32:11 IST" name="Default test" finished-at="2023-10-16T12:45:59 IST" duration-ms="828268">
      <class name="apitesting.SndboxCheckOutTest">
        <test-method is-config="true" signature="classConfig()[pri:0, instance:apitesting.SndboxCheckOutTest@f0c8a99]" started-at="2023-10-16T12:32:11 IST" name="classConfig" finished-at="2023-10-16T12:32:12 IST" duration-ms="564" status="PASS">
          <reporter-output>
          </reporter-output>
        </test-method> <!-- classConfig -->
        <test-method signature="netBankingTest()[pri:0, instance:apitesting.SndboxCheckOutTest@f0c8a99]" started-at="2023-10-16T12:32:12 IST" name="netBankingTest" finished-at="2023-10-16T12:45:59 IST" duration-ms="827673" status="PASS">
          <reporter-output>
          </reporter-output>
        </test-method> <!-- netBankingTest -->
        <test-method is-config="true" signature="classTearDown()[pri:0, instance:apitesting.SndboxCheckOutTest@f0c8a99]" started-at="2023-10-16T12:45:59 IST" name="classTearDown" finished-at="2023-10-16T12:45:59 IST" duration-ms="1" status="PASS">
          <reporter-output>
          </reporter-output>
        </test-method> <!-- classTearDown -->
      </class> <!-- apitesting.SndboxCheckOutTest -->
    </test> <!-- Default test -->
  </suite> <!-- Default suite -->
</testng-results>
